Arguments: 
  /Users/zhechao/.nvm/versions/node/v11.10.1/bin/node /Users/zhechao/.yarn/bin/yarn.js init

PATH: 
  /usr/local/Cellar/mongodb-community/4.2.3/bin:/Users/zhechao/.cargo/bin:/Users/zhechao/Development/flutter/bin:/Library/Java/JavaVirtualMachines/jdk-9.0.4.jdk/Contents/Home/bin:/Users/zhechao/.nvm/versions/node/v11.10.1/bin:/Users/zhechao/.cargo/bin:/Users/zhechao/Development/flutter/bin:/Library/Java/JavaVirtualMachines/jdk-9.0.4.jdk/Contents/Home/bin:/Users/zhechao/.yarn/bin:/Users/zhechao/.config/yarn/global/node_modules/.bin:/Users/zhechao/.cargo/bin:/Library/Frameworks/Python.framework/Versions/3.7/bin:/usr/local/bin:/usr/bin:/bin:/usr/sbin:/sbin:/opt/X11/bin:/Applications/Wireshark.app/Contents/MacOS:/usr/local/Cellar/mongodb-community/4.2.3/bin:/Users/zhechao/.cargo/bin:/Users/zhechao/Development/flutter/bin:/Library/Java/JavaVirtualMachines/jdk-9.0.4.jdk/Contents/Home/bin:/Users/zhechao/.yarn/bin:/Users/zhechao/.config/yarn/global/node_modules/.bin:/Library/Frameworks/Python.framework/Versions/3.7/bin:/usr/local/mysql/bin:/Users/zhechao/Library/Android/sdk/tools:/Users/zhechao/Library/Android/sdk/platform-tools:/usr/local/mysql/bin:/usr/local/mysql/bin:/Users/zhechao/Library/Android/sdk/tools:/Users/zhechao/Library/Android/sdk/platform-tools:/usr/local/mysql/bin:/Users/zhechao/Library/Android/sdk/tools:/Users/zhechao/Library/Android/sdk/platform-tools

Yarn version: 
  1.12.3

Node version: 
  11.10.1

Platform: 
  darwin x64

Trace: 
  Error: canceled
      at Interface.<anonymous> (/Users/zhechao/.yarn/lib/cli.js:125278:13)
      at Interface.emit (events.js:197:13)
      at Interface._ttyWrite (readline.js:799:16)
      at ReadStream.onkeypress (readline.js:184:10)
      at ReadStream.emit (events.js:197:13)
      at emitKeys (internal/readline.js:424:14)
      at emitKeys.next (<anonymous>)
      at ReadStream.onData (readline.js:1071:36)
      at ReadStream.emit (events.js:197:13)
      at addChunk (_stream_readable.js:288:12)

npm manifest: 
  No manifest

yarn manifest: 
  No manifest

Lockfile: 
  No lockfile
